2018-04-16 16:48:04,362 [main] INFO  com.worm.guo.start.Worm(37) - [采集启动]-[等待系统初始化]
2018-04-16 16:48:04,472 [main] ERROR com.worm.guo.start.Worm(28) - [加载采集任务模板数据异常]
2018-04-16 16:49:25,315 [main] INFO  com.worm.guo.start.Worm(37) - [采集启动]-[等待系统初始化]
2018-04-16 16:52:00,928 [main] ERROR com.worm.guo.start.Worm(28) - [加载采集任务模板数据异常]
2018-04-16 16:53:39,754 [main] INFO  com.worm.guo.start.Worm(37) - [采集启动]-[等待系统初始化]
2018-04-16 16:54:15,727 [main] ERROR com.worm.guo.start.Worm(28) - [加载采集任务模板数据异常]
2018-04-16 16:55:42,774 [main] INFO  com.worm.guo.start.Worm(37) - [采集启动]-[等待系统初始化]
2018-04-16 16:56:17,112 [main] INFO  com.worm.guo.start.Worm(37) - [采集启动]-[等待系统初始化]
2018-04-16 16:57:48,367 [main] INFO  com.worm.guo.start.Worm(36) - [采集启动]-[等待系统初始化]
2018-04-16 16:58:56,888 [main] INFO  com.worm.guo.start.Worm(36) - [采集启动]-[等待系统初始化]
2018-04-16 17:01:10,649 [main] INFO  com.worm.guo.start.Worm(36) - [采集启动]-[等待系统初始化]
2018-04-16 17:01:14,564 [Timer-0] INFO  com.worm.guo.thread.WormThread(40) - [采集]-[Timer-0]-[哔哩哔哩，第 1 次]-[启动]
2018-04-16 17:02:15,542 [Timer-0] INFO  com.worm.guo.thread.WormThread(40) - [采集]-[Timer-0]-[哔哩哔哩，第 2 次]-[启动]
2018-04-16 17:02:50,782 [Timer-0] INFO  com.worm.guo.thread.WormThread(40) - [采集]-[Timer-0]-[哔哩哔哩，第 3 次]-[启动]
2018-04-16 17:08:38,965 [main] INFO  com.worm.guo.start.Worm(36) - [采集启动]-[等待系统初始化]
2018-04-16 17:11:34,657 [main] INFO  com.worm.guo.start.Worm(36) - [采集启动]-[等待系统初始化]
2018-04-16 17:32:31,312 [main] INFO  com.worm.guo.start.Worm(36) - [采集启动]-[等待系统初始化]
2018-04-16 17:32:46,799 [main] INFO  com.worm.guo.start.Worm(36) - [采集启动]-[等待系统初始化]
2018-04-16 17:32:56,202 [main] INFO  com.worm.guo.start.Worm(36) - [采集启动]-[等待系统初始化]
2018-04-16 17:35:47,485 [main] INFO  com.worm.guo.start.Worm(36) - [采集启动]-[等待系统初始化]
2018-04-16 17:37:05,845 [main] INFO  com.worm.guo.start.Worm(36) - [采集启动]-[等待系统初始化]
2018-04-16 17:37:12,370 [Timer-0] INFO  com.worm.guo.thread.WormThread(40) - [采集]-[Timer-0]-[哔哩哔哩，第 1 次]-[启动]
2018-04-16 17:37:37,052 [Timer-0] INFO  com.worm.guo.thread.WormThread(60) - [媒体号采集]-[哔哩哔哩当前：1 共：2]-[1:日本]-[开始采集]
2018-04-16 17:41:51,002 [main] INFO  com.worm.guo.start.Worm(36) - [采集启动]-[等待系统初始化]
2018-04-16 17:41:57,125 [Timer-0] INFO  com.worm.guo.thread.WormThread(40) - [采集]-[Timer-0]-[哔哩哔哩，第 1 次]-[启动]
2018-04-16 17:42:07,380 [Timer-0] INFO  com.worm.guo.thread.WormThread(60) - [媒体号采集]-[哔哩哔哩当前：1 共：2]-[1:日本]-[开始采集]
2018-04-16 17:43:20,485 [main] INFO  com.worm.guo.start.Worm(36) - [采集启动]-[等待系统初始化]
2018-04-16 17:43:28,766 [Timer-0] INFO  com.worm.guo.thread.WormThread(40) - [采集]-[Timer-0]-[哔哩哔哩，第 1 次]-[启动]
2018-04-16 17:43:32,916 [Timer-0] INFO  com.worm.guo.thread.WormThread(60) - [媒体号采集]-[哔哩哔哩当前：1 共：2]-[1:日本]-[开始采集]
2018-04-16 19:20:04,771 [main] INFO  com.worm.guo.start.Worm(36) - [采集启动]-[等待系统初始化]
2018-04-16 19:20:11,896 [Timer-0] INFO  com.worm.guo.thread.WormThread(40) - [采集]-[Timer-0]-[哔哩哔哩，第 1 次]-[启动]
2018-04-16 19:20:22,051 [Timer-0] INFO  com.worm.guo.thread.WormThread(60) - [媒体号采集]-[哔哩哔哩当前：1 共：2]-[1:日本]-[开始采集]
2018-04-16 19:20:25,825 [Timer-0] WARN  net.sf.json.JSONObject(431) - Tried to assign property cover:java.lang.String to bean of class com.worm.guo.po.TemplateJsonChild
2018-04-16 19:20:25,833 [Timer-0] WARN  net.sf.json.JSONObject(431) - Tried to assign property cover:java.lang.String to bean of class com.worm.guo.po.TemplateJsonChild
2018-04-16 19:20:44,749 [main] INFO  com.worm.guo.start.Worm(36) - [采集启动]-[等待系统初始化]
